<?xml version="1.0" encoding="UTF-8"?>
<testsuite xmlns:xsi="http://www.w3.org/2001/XMLSchema-instance" xsi:noNamespaceSchemaLocation="https://maven.apache.org/surefire/maven-surefire-plugin/xsd/surefire-test-report.xsd" name="TestCases" time="0.091" tests="9" errors="6" skipped="0" failures="0">
  <properties>
[...]
</properties>
  <testcase name="testPaymentPresentation" classname="TestCases" time="0.006">
    <error message="No qualifying bean of type &apos;Gpay.controller.PaymentPresentation&apos; available" type="org.springframework.beans.factory.NoSuchBeanDefinitionException">org.springframework.beans.factory.NoSuchBeanDefinitionException: No qualifying bean of type 'Gpay.controller.PaymentPresentation' available
	at TestCases.testPaymentPresentation(TestCases.java:57)
</error>
  </testcase>
  <testcase name="testPaymentService" classname="TestCases" time="0">
    <error message="No qualifying bean of type &apos;Gpay.service.PaymentService&apos; available" type="org.springframework.beans.factory.NoSuchBeanDefinitionException">org.springframework.beans.factory.NoSuchBeanDefinitionException: No qualifying bean of type 'Gpay.service.PaymentService' available
	at TestCases.testPaymentService(TestCases.java:73)
</error>
  </testcase>
  <testcase name="testAccountDetailsDAO" classname="TestCases" time="0.001">
    <error message="No qualifying bean of type &apos;Gpay.dao.AccountDetailsDAO&apos; available" type="org.springframework.beans.factory.NoSuchBeanDefinitionException">org.springframework.beans.factory.NoSuchBeanDefinitionException: No qualifying bean of type 'Gpay.dao.AccountDetailsDAO' available
	at TestCases.testAccountDetailsDAO(TestCases.java:109)
</error>
  </testcase>
  <testcase name="testProductDetailsDAO" classname="TestCases" time="0">
    <error message="No qualifying bean of type &apos;Gpay.dao.ProductDetailsDAO&apos; available" type="org.springframework.beans.factory.NoSuchBeanDefinitionException">org.springframework.beans.factory.NoSuchBeanDefinitionException: No qualifying bean of type 'Gpay.dao.ProductDetailsDAO' available
	at TestCases.testProductDetailsDAO(TestCases.java:93)
</error>
  </testcase>
  <testcase name="testAccountAndProductBean" classname="TestCases" time="0.001">
    <error message="No qualifying bean of type &apos;Gpay.entities.Account&apos; available" type="org.springframework.beans.factory.NoSuchBeanDefinitionException">org.springframework.beans.factory.NoSuchBeanDefinitionException: No qualifying bean of type 'Gpay.entities.Account' available
	at TestCases.testAccountAndProductBean(TestCases.java:125)
</error>
  </testcase>
  <testcase name="testshowPayment_whenInsufficientQuantitiesOfProduct_thenThrowPaymentException" classname="TestCases" time="0.003"/>
  <testcase name="testshowPayment_whenSufficientBalanceForBuyingProduct_thenReturnTotalPaymentAmount" classname="TestCases" time="0">
    <error message="Gpay.controller.PaymentPresentation.showPayment(int)" type="java.lang.NoSuchMethodException">java.lang.NoSuchMethodException: Gpay.controller.PaymentPresentation.showPayment(int)
	at TestCases.testshowPayment_whenSufficientBalanceForBuyingProduct_thenReturnTotalPaymentAmount(TestCases.java:142)
</error>
  </testcase>
  <testcase name="testshowPayment_whenInsufficientBalanceForBuyingProduct_thenThrowPaymentException" classname="TestCases" time="0.001"/>
  <testcase name="buildScore" classname="TestCases" time="0.003"/>
</testsuite>